AasanLoad/app/build/intermediates/manifest_merge_blame_file/debug/manifest-merger-blame-debug-report.txt
1<?xml version="1.0" encoding="utf-8"?>
2<manifest xmlns:android="http://schemas.android.com/apk/res/android"
3    package="com.test.aasanload"
4    android:versionCode="1"
5    android:versionName="1.0" >
6
7    <uses-sdk
8        android:minSdkVersion="22"
8-->src/main/AndroidManifest.xml
9        android:targetSdkVersion="31" />
9-->src/main/AndroidManifest.xml
10
11    <uses-feature android:name="android.hardware.camera.any" />
11-->src/main/AndroidManifest.xml:5:5-64
11-->src/main/AndroidManifest.xml:5:19-61
12
13    <uses-permission android:name="android.permission.CAMERA" />
13-->src/main/AndroidManifest.xml:7:5-65
13-->src/main/AndroidManifest.xml:7:22-62
14    <uses-permission android:name="android.permission.RECORD_AUDIO" />
14-->src/main/AndroidManifest.xml:8:5-71
14-->src/main/AndroidManifest.xml:8:22-68
15    <uses-permission
15-->src/main/AndroidManifest.xml:9:5-11:38
16        android:name="android.permission.WRITE_EXTERNAL_STORAGE"
16-->src/main/AndroidManifest.xml:10:9-65
17        android:maxSdkVersion="28" />
17-->src/main/AndroidManifest.xml:11:9-35
18    <uses-permission android:name="android.permission.INTERNET" />
18-->src/main/AndroidManifest.xml:12:5-67
18-->src/main/AndroidManifest.xml:12:22-64
19    <uses-permission android:name="android.permission.CALL_PHONE" />
19-->src/main/AndroidManifest.xml:13:5-69
19-->src/main/AndroidManifest.xml:13:22-66
20    <uses-permission android:name="android.permission.ACCESS_NETWORK_STATE" />
20-->src/main/AndroidManifest.xml:14:5-79
20-->src/main/AndroidManifest.xml:14:22-76
21
22    <queries>
22-->[androidx.camera:camera-extensions:1.1.0-beta01] AndroidManifest.xml:24:5-28:15
23        <intent>
23-->[androidx.camera:camera-extensions:1.1.0-beta01] AndroidManifest.xml:25:9-27:18
24            <action android:name="androidx.camera.extensions.action.VENDOR_ACTION" />
24-->[androidx.camera:camera-extensions:1.1.0-beta01] AndroidManifest.xml:26:13-86
24-->[androidx.camera:camera-extensions:1.1.0-beta01] AndroidManifest.xml:26:21-83
25        </intent>
26    </queries>
27
28    <application
28-->src/main/AndroidManifest.xml:16:5-46:19
29        android:allowBackup="true"
29-->src/main/AndroidManifest.xml:17:9-35
30        android:appComponentFactory="androidx.core.app.CoreComponentFactory"
30-->[androidx.core:core:1.7.0] AndroidManifest.xml:24:18-86
31        android:debuggable="true"
32        android:icon="@mipmap/ic_launcher"
32-->src/main/AndroidManifest.xml:18:9-43
33        android:label="@string/app_name"
33-->src/main/AndroidManifest.xml:19:9-41
34        android:roundIcon="@mipmap/ic_launcher_round"
34-->src/main/AndroidManifest.xml:20:9-54
35        android:supportsRtl="true"
35-->src/main/AndroidManifest.xml:21:9-35
36        android:testOnly="true"
37        android:theme="@style/Theme.AasanLoad" >
37-->src/main/AndroidManifest.xml:22:9-47
38        <activity
38-->src/main/AndroidManifest.xml:23:9-25:40
39            android:name="com.test.aasanload.activities.CameraActivity"
39-->src/main/AndroidManifest.xml:24:13-54
40            android:exported="false" />
40-->src/main/AndroidManifest.xml:25:13-37
41
42        <meta-data
42-->src/main/AndroidManifest.xml:27:9-29:35
43            android:name="com.google.mlkit.vision.DEPENDENCIES"
43-->src/main/AndroidManifest.xml:28:13-64
44            android:value="ocr" />
44-->src/main/AndroidManifest.xml:29:13-32
45
46        <activity
46-->src/main/AndroidManifest.xml:31:9-39:20
47            android:name="com.test.aasanload.activities.SplashScreen"
47-->src/main/AndroidManifest.xml:32:13-52
48            android:exported="true" >
48-->src/main/AndroidManifest.xml:33:13-36
49            <intent-filter>
49-->src/main/AndroidManifest.xml:34:13-38:29
50                <action android:name="android.intent.action.MAIN" />
50-->src/main/AndroidManifest.xml:35:17-69
50-->src/main/AndroidManifest.xml:35:25-66
51
52                <category android:name="android.intent.category.LAUNCHER" />
52-->src/main/AndroidManifest.xml:37:17-77
52-->src/main/AndroidManifest.xml:37:27-74
53            </intent-filter>
54        </activity>
55        <activity android:name="com.test.aasanload.activities.DialerActivity" />
55-->src/main/AndroidManifest.xml:40:9-63
55-->src/main/AndroidManifest.xml:40:19-60
56        <activity android:name="com.test.aasanload.activities.ChooseNetwork" />
56-->src/main/AndroidManifest.xml:41:9-62
56-->src/main/AndroidManifest.xml:41:19-59
57        <activity
57-->src/main/AndroidManifest.xml:42:9-45:20
58            android:name="com.test.aasanload.activities.MyCamera"
58-->src/main/AndroidManifest.xml:42:19-54
59            android:exported="true" >
59-->src/main/AndroidManifest.xml:43:13-36
60        </activity>
61
62        <uses-library
62-->[androidx.camera:camera-extensions:1.1.0-beta01] AndroidManifest.xml:31:9-33:40
63            android:name="androidx.camera.extensions.impl"
63-->[androidx.camera:camera-extensions:1.1.0-beta01] AndroidManifest.xml:32:13-59
64            android:required="false" />
64-->[androidx.camera:camera-extensions:1.1.0-beta01] AndroidManifest.xml:33:13-37
65
66        <service
66-->[androidx.camera:camera-camera2:1.1.0-beta01] AndroidManifest.xml:26:9-35:19
67            android:name="androidx.camera.core.impl.MetadataHolderService"
67-->[androidx.camera:camera-camera2:1.1.0-beta01] AndroidManifest.xml:27:13-75
68            android:enabled="false"
68-->[androidx.camera:camera-camera2:1.1.0-beta01] AndroidManifest.xml:28:13-36
69            android:exported="false" >
69-->[androidx.camera:camera-camera2:1.1.0-beta01] AndroidManifest.xml:29:13-37
70            <meta-data
70-->[androidx.camera:camera-camera2:1.1.0-beta01] AndroidManifest.xml:32:13-34:89
71                android:name="androidx.camera.core.impl.MetadataHolderService.DEFAULT_CONFIG_PROVIDER"
71-->[androidx.camera:camera-camera2:1.1.0-beta01] AndroidManifest.xml:33:17-103
72                android:value="androidx.camera.camera2.Camera2Config$DefaultProvider" />
72-->[androidx.camera:camera-camera2:1.1.0-beta01] AndroidManifest.xml:34:17-86
73        </service>
74        <service
74-->[com.google.android.gms:play-services-mlkit-text-recognition-common:17.0.0] AndroidManifest.xml:9:9-15:19
75            android:name="com.google.mlkit.common.internal.MlKitComponentDiscoveryService"
75-->[com.google.android.gms:play-services-mlkit-text-recognition-common:17.0.0] AndroidManifest.xml:10:13-91
76            android:directBootAware="true"
76-->[com.google.mlkit:common:18.0.0] AndroidManifest.xml:17:13-43
77            android:exported="false" >
77-->[com.google.android.gms:play-services-mlkit-text-recognition-common:17.0.0] AndroidManifest.xml:11:13-37
78            <meta-data
78-->[com.google.android.gms:play-services-mlkit-text-recognition-common:17.0.0] AndroidManifest.xml:12:13-14:85
79                android:name="com.google.firebase.components:com.google.mlkit.vision.text.internal.TextRegistrar"
79-->[com.google.android.gms:play-services-mlkit-text-recognition-common:17.0.0] AndroidManifest.xml:13:17-114
80                android:value="com.google.firebase.components.ComponentRegistrar" />
80-->[com.google.android.gms:play-services-mlkit-text-recognition-common:17.0.0] AndroidManifest.xml:14:17-82
81            <meta-data
81-->[com.google.mlkit:vision-common:17.0.0] AndroidManifest.xml:12:13-14:85
82                android:name="com.google.firebase.components:com.google.mlkit.vision.common.internal.VisionCommonRegistrar"
82-->[com.google.mlkit:vision-common:17.0.0] AndroidManifest.xml:13:17-124
83                android:value="com.google.firebase.components.ComponentRegistrar" />
83-->[com.google.mlkit:vision-common:17.0.0] AndroidManifest.xml:14:17-82
84            <meta-data
84-->[com.google.mlkit:common:18.0.0] AndroidManifest.xml:20:13-22:85
85                android:name="com.google.firebase.components:com.google.mlkit.common.internal.CommonComponentRegistrar"
85-->[com.google.mlkit:common:18.0.0] AndroidManifest.xml:21:17-120
86                android:value="com.google.firebase.components.ComponentRegistrar" />
86-->[com.google.mlkit:common:18.0.0] AndroidManifest.xml:22:17-82
87        </service>
88
89        <provider
89-->[com.google.mlkit:common:18.0.0] AndroidManifest.xml:9:9-13:38
90            android:name="com.google.mlkit.common.internal.MlKitInitProvider"
90-->[com.google.mlkit:common:18.0.0] AndroidManifest.xml:10:13-78
91            android:authorities="com.test.aasanload.mlkitinitprovider"
91-->[com.google.mlkit:common:18.0.0] AndroidManifest.xml:11:13-69
92            android:exported="false"
92-->[com.google.mlkit:common:18.0.0] AndroidManifest.xml:12:13-37
93            android:initOrder="99" />
93-->[com.google.mlkit:common:18.0.0] AndroidManifest.xml:13:13-35
94
95        <activity
95-->[com.google.android.gms:play-services-base:18.0.1] AndroidManifest.xml:20:9-22:45
96            android:name="com.google.android.gms.common.api.GoogleApiActivity"
96-->[com.google.android.gms:play-services-base:18.0.1] AndroidManifest.xml:20:19-85
97            android:exported="false"
97-->[com.google.android.gms:play-services-base:18.0.1] AndroidManifest.xml:22:19-43
98            android:theme="@android:style/Theme.Translucent.NoTitleBar" />
98-->[com.google.android.gms:play-services-base:18.0.1] AndroidManifest.xml:21:19-78
99
100        <meta-data
100-->[com.google.android.gms:play-services-basement:18.0.0] AndroidManifest.xml:21:9-23:69
101            android:name="com.google.android.gms.version"
101-->[com.google.android.gms:play-services-basement:18.0.0] AndroidManifest.xml:22:13-58
102            android:value="@integer/google_play_services_version" />
102-->[com.google.android.gms:play-services-basement:18.0.0] AndroidManifest.xml:23:13-66
103
104        <provider
104-->[androidx.emoji2:emoji2:1.0.0] AndroidManifest.xml:26:9-34:20
105            android:name="androidx.startup.InitializationProvider"
105-->[androidx.emoji2:emoji2:1.0.0] AndroidManifest.xml:27:13-67
106            android:authorities="com.test.aasanload.androidx-startup"
106-->[androidx.emoji2:emoji2:1.0.0] AndroidManifest.xml:28:13-68
107            android:exported="false" >
107-->[androidx.emoji2:emoji2:1.0.0] AndroidManifest.xml:29:13-37
108            <meta-data
108-->[androidx.emoji2:emoji2:1.0.0] AndroidManifest.xml:31:13-33:52
109                android:name="androidx.emoji2.text.EmojiCompatInitializer"
109-->[androidx.emoji2:emoji2:1.0.0] AndroidManifest.xml:32:17-75
110                android:value="androidx.startup" />
110-->[androidx.emoji2:emoji2:1.0.0] AndroidManifest.xml:33:17-49
111            <meta-data
111-->[androidx.lifecycle:lifecycle-process:2.4.0] AndroidManifest.xml:31:13-33:52
112                android:name="androidx.lifecycle.ProcessLifecycleInitializer"
112-->[androidx.lifecycle:lifecycle-process:2.4.0] AndroidManifest.xml:32:17-78
113                android:value="androidx.startup" />
113-->[androidx.lifecycle:lifecycle-process:2.4.0] AndroidManifest.xml:33:17-49
114        </provider>
115
116        <service
116-->[com.google.android.datatransport:transport-backend-cct:2.3.3] AndroidManifest.xml:29:9-35:19
117            android:name="com.google.android.datatransport.runtime.backends.TransportBackendDiscovery"
117-->[com.google.android.datatransport:transport-backend-cct:2.3.3] AndroidManifest.xml:30:13-103
118            android:exported="false" >
118-->[com.google.android.datatransport:transport-backend-cct:2.3.3] AndroidManifest.xml:31:13-37
119            <meta-data
119-->[com.google.android.datatransport:transport-backend-cct:2.3.3] AndroidManifest.xml:32:13-34:39
120                android:name="backend:com.google.android.datatransport.cct.CctBackendFactory"
120-->[com.google.android.datatransport:transport-backend-cct:2.3.3] AndroidManifest.xml:33:17-94
121                android:value="cct" />
121-->[com.google.android.datatransport:transport-backend-cct:2.3.3] AndroidManifest.xml:34:17-36
122        </service>
123        <service
123-->[com.google.android.datatransport:transport-runtime:2.2.6] AndroidManifest.xml:26:9-30:19
124            android:name="com.google.android.datatransport.runtime.scheduling.jobscheduling.JobInfoSchedulerService"
124-->[com.google.android.datatransport:transport-runtime:2.2.6] AndroidManifest.xml:27:13-117
125            android:exported="false"
125-->[com.google.android.datatransport:transport-runtime:2.2.6] AndroidManifest.xml:28:13-37
126            android:permission="android.permission.BIND_JOB_SERVICE" >
126-->[com.google.android.datatransport:transport-runtime:2.2.6] AndroidManifest.xml:29:13-69
127        </service>
128
129        <receiver
129-->[com.google.android.datatransport:transport-runtime:2.2.6] AndroidManifest.xml:32:9-34:40
130            android:name="com.google.android.datatransport.runtime.scheduling.jobscheduling.AlarmManagerSchedulerBroadcastReceiver"
130-->[com.google.android.datatransport:transport-runtime:2.2.6] AndroidManifest.xml:33:13-132
131            android:exported="false" />
131-->[com.google.android.datatransport:transport-runtime:2.2.6] AndroidManifest.xml:34:13-37
132    </application>
133
134</manifest>